<?xml version="1.0" encoding="UTF-8"?>
<testng-results skipped="0" failed="1" total="2" passed="1">
  <reporter-output>
  </reporter-output>
  <suite name="Suite" duration-ms="299190" started-at="2020-07-21T14:15:42Z" finished-at="2020-07-21T14:20:41Z">
    <groups>
    </groups>
    <test name="Test" duration-ms="299190" started-at="2020-07-21T14:15:42Z" finished-at="2020-07-21T14:20:41Z">
      <class name="com.Automation.HoroLab.TestCases.Login">
        <test-method status="PASS" signature="extentSetup(org.testng.ITestContext)[pri:0, instance:com.Automation.HoroLab.TestCases.Login@448ff1a8]" name="extentSetup" is-config="true" duration-ms="354" started-at="2020-07-21T19:45:41Z" finished-at="2020-07-21T19:45:42Z">
          <params>
            <param index="0">
              <value>
                <![CDATA[org.testng.TestRunner@2145433b]]>
              </value>
            </param>
          </params>
          <reporter-output>
          </reporter-output>
        </test-method> <!-- extentSetup -->
        <test-method status="PASS" signature="testMethodStart(java.lang.reflect.Method)[pri:0, instance:com.Automation.HoroLab.TestCases.Login@448ff1a8]" name="testMethodStart" is-config="true" duration-ms="138096" started-at="2020-07-21T19:45:42Z" finished-at="2020-07-21T19:48:00Z">
          <params>
            <param index="0">
              <value>
                <![CDATA[public void com.Automation.HoroLab.TestCases.Login.Tc_Login_001()]]>
              </value>
            </param>
          </params>
          <reporter-output>
          </reporter-output>
        </test-method> <!-- testMethodStart -->
        <test-method status="PASS" signature="Tc_Login_001()[pri:0, instance:com.Automation.HoroLab.TestCases.Login@448ff1a8]" name="Tc_Login_001" duration-ms="982" started-at="2020-07-21T19:48:00Z" description="Verify Login with Valid Username and Valid Password" finished-at="2020-07-21T19:48:01Z">
          <reporter-output>
          </reporter-output>
        </test-method> <!-- Tc_Login_001 -->
        <test-method status="PASS" signature="testMethodEnd(org.testng.ITestResult)[pri:0, instance:com.Automation.HoroLab.TestCases.Login@448ff1a8]" name="testMethodEnd" is-config="true" duration-ms="3294" started-at="2020-07-21T19:48:01Z" finished-at="2020-07-21T19:48:04Z">
          <params>
            <param index="0">
              <value>
                <![CDATA[[TestResult name=Tc_Login_001 status=SUCCESS method=Login.Tc_Login_001()[pri:0, instance:com.Automation.HoroLab.TestCases.Login@448ff1a8] output={null}]]]>
              </value>
            </param>
          </params>
          <reporter-output>
          </reporter-output>
        </test-method> <!-- testMethodEnd -->
        <test-method status="PASS" signature="testMethodStart(java.lang.reflect.Method)[pri:0, instance:com.Automation.HoroLab.TestCases.Login@448ff1a8]" name="testMethodStart" is-config="true" duration-ms="124930" started-at="2020-07-21T19:48:04Z" finished-at="2020-07-21T19:50:09Z">
          <params>
            <param index="0">
              <value>
                <![CDATA[public void com.Automation.HoroLab.TestCases.Login.Tc_Login_002()]]>
              </value>
            </param>
          </params>
          <reporter-output>
          </reporter-output>
        </test-method> <!-- testMethodStart -->
        <test-method status="FAIL" signature="Tc_Login_002()[pri:1, instance:com.Automation.HoroLab.TestCases.Login@448ff1a8]" name="Tc_Login_002" duration-ms="31072" started-at="2020-07-21T19:50:09Z" description="Verify Login with Valid Username and Invalid Password" finished-at="2020-07-21T19:50:40Z">
          <exception class="java.lang.AssertionError">
            <message>
              <![CDATA[Fail due to exception Expected condition failed: waiting for visibility of element located by By.xpath: //*[text()='Login Failed, Reason : Bad credentials'] (tried for 30 second(s) with 500 MILLISECONDS interval)]]>
            </message>
            <full-stacktrace>
              <![CDATA[java.lang.AssertionError: Fail due to exception Expected condition failed: waiting for visibility of element located by By.xpath: //*[text()='Login Failed, Reason : Bad credentials'] (tried for 30 second(s) with 500 MILLISECONDS interval)
	at org.testng.Assert.fail(Assert.java:94)
	at com.Automation.HoroLab.Modules.LoginPage.validateLoginErrorMsg(LoginPage.java:75)
	at com.Automation.HoroLab.TestCases.Login.Tc_Login_002(Login.java:21)
	at sun.reflect.NativeMethodAccessorImpl.invoke0(Native Method)
	at sun.reflect.NativeMethodAccessorImpl.invoke(NativeMethodAccessorImpl.java:62)
	at sun.reflect.DelegatingMethodAccessorImpl.invoke(DelegatingMethodAccessorImpl.java:43)
	at java.lang.reflect.Method.invoke(Method.java:498)
	at org.testng.internal.MethodInvocationHelper.invokeMethod(MethodInvocationHelper.java:85)
	at org.testng.internal.Invoker.invokeMethod(Invoker.java:639)
	at org.testng.internal.Invoker.invokeTestMethod(Invoker.java:816)
	at org.testng.internal.Invoker.invokeTestMethods(Invoker.java:1124)
	at org.testng.internal.TestMethodWorker.invokeTestMethods(TestMethodWorker.java:125)
	at org.testng.internal.TestMethodWorker.run(TestMethodWorker.java:108)
	at org.testng.TestRunner.privateRun(TestRunner.java:774)
	at org.testng.TestRunner.run(TestRunner.java:624)
	at org.testng.SuiteRunner.runTest(SuiteRunner.java:359)
	at org.testng.SuiteRunner.runSequentially(SuiteRunner.java:354)
	at org.testng.SuiteRunner.privateRun(SuiteRunner.java:312)
	at org.testng.SuiteRunner.run(SuiteRunner.java:261)
	at org.testng.SuiteRunnerWorker.runSuite(SuiteRunnerWorker.java:52)
	at org.testng.SuiteRunnerWorker.run(SuiteRunnerWorker.java:86)
	at java.util.concurrent.ThreadPoolExecutor.runWorker(ThreadPoolExecutor.java:1142)
	at java.util.concurrent.ThreadPoolExecutor$Worker.run(ThreadPoolExecutor.java:617)
	at java.lang.Thread.run(Thread.java:745)
]]>
            </full-stacktrace>
          </exception> <!-- java.lang.AssertionError -->
          <reporter-output>
          </reporter-output>
        </test-method> <!-- Tc_Login_002 -->
        <test-method status="PASS" signature="testMethodEnd(org.testng.ITestResult)[pri:0, instance:com.Automation.HoroLab.TestCases.Login@448ff1a8]" name="testMethodEnd" is-config="true" duration-ms="801" started-at="2020-07-21T19:50:40Z" finished-at="2020-07-21T19:50:41Z">
          <params>
            <param index="0">
              <value>
                <![CDATA[[TestResult name=Tc_Login_002 status=FAILURE method=Login.Tc_Login_002()[pri:1, instance:com.Automation.HoroLab.TestCases.Login@448ff1a8] output={null}]]]>
              </value>
            </param>
          </params>
          <reporter-output>
          </reporter-output>
        </test-method> <!-- testMethodEnd -->
        <test-method status="PASS" signature="afterSuite(org.testng.ITestContext)[pri:0, instance:com.Automation.HoroLab.TestCases.Login@448ff1a8]" name="afterSuite" is-config="true" duration-ms="17" started-at="2020-07-21T19:50:41Z" finished-at="2020-07-21T19:50:41Z">
          <params>
            <param index="0">
              <value>
                <![CDATA[org.testng.TestRunner@2145433b]]>
              </value>
            </param>
          </params>
          <reporter-output>
          </reporter-output>
        </test-method> <!-- afterSuite -->
      </class> <!-- com.Automation.HoroLab.TestCases.Login -->
    </test> <!-- Test -->
  </suite> <!-- Suite -->
</testng-results>
